gradle-build/app/outputs/logs/manifest-merger-debug-report.txt
-- Merging decision tree log ---
manifest
ADDED from src/main/AndroidManifest.xml:2:1-52:12
INJECTED from src/main/AndroidManifest.xml:2:1-52:12
INJECTED from src/main/AndroidManifest.xml:2:1-52:12
INJECTED from src/main/AndroidManifest.xml:2:1-52:12
MERGED from [:Aliyunplayer:player_demo] AndroidManifest.xml:2:1-36:12
MERGED from [:AliyunVideoCommon] AndroidManifest.xml:2:1-24:12
MERGED from [com.android.support:multidex:1.0.2] AndroidManifest.xml:17:1-22:12
MERGED from [:zxing] AndroidManifest.xml:2:1-27:12
MERGED from [com.android.support:appcompat-v7:28.0.0] AndroidManifest.xml:17:1-22:12
MERGED from [com.android.support:support-v4:28.0.0] AndroidManifest.xml:17:1-22:12
MERGED from [com.android.support:recyclerview-v7:28.0.0] AndroidManifest.xml:17:1-22:12
MERGED from [com.aliyun.dpa:oss-android-sdk:2.9.2] AndroidManifest.xml:2:1-22:12
MERGED from [com.squareup.leakcanary:leakcanary-android:1.6.1] AndroidManifest.xml:17:1-72:12
MERGED from [com.aliyun.ams:alicloud-android-ha-adapter:1.1.0.6.2-open] AndroidManifest.xml:2:1-19:12
MERGED from [com.aliyun.ams:alicloud-android-ha-ut-analytics:1.1.0.1-open] AndroidManifest.xml:2:1-23:12
MERGED from [com.github.bumptech.glide:glide:4.8.0] AndroidManifest.xml:2:1-12:12
MERGED from [:Aliyunplayer:AlivcPlayer] AndroidManifest.xml:2:1-14:12
MERGED from [:Aliyunplayer:AlivcReporter] AndroidManifest.xml:2:1-17:12
MERGED from [:Aliyunplayer:AlivcVodPlayer] AndroidManifest.xml:2:1-14:12
MERGED from [com.android.support:support-fragment:28.0.0] AndroidManifest.xml:17:1-22:12
MERGED from [com.android.support:animated-vector-drawable:28.0.0] AndroidManifest.xml:17:1-22:12
MERGED from [com.android.support:support-vector-drawable:28.0.0] AndroidManifest.xml:17:1-22:12
MERGED from [com.android.support:support-media-compat:28.0.0] AndroidManifest.xml:17:1-22:12
MERGED from [com.android.support:support-core-ui:28.0.0] AndroidManifest.xml:17:1-22:12
MERGED from [com.android.support:support-core-utils:28.0.0] AndroidManifest.xml:17:1-22:12
MERGED from [com.android.support:loader:28.0.0] AndroidManifest.xml:17:1-22:12
MERGED from [com.android.support:viewpager:28.0.0] AndroidManifest.xml:17:1-22:12
MERGED from [com.android.support:coordinatorlayout:28.0.0] AndroidManifest.xml:17:1-22:12
MERGED from [com.android.support:drawerlayout:28.0.0] AndroidManifest.xml:17:1-22:12
MERGED from [com.android.support:slidingpanelayout:28.0.0] AndroidManifest.xml:17:1-22:12
MERGED from [com.android.support:customview:28.0.0] AndroidManifest.xml:17:1-22:12
MERGED from [com.android.support:swiperefreshlayout:28.0.0] AndroidManifest.xml:17:1-22:12
MERGED from [com.android.support:asynclayoutinflater:28.0.0] AndroidManifest.xml:17:1-22:12
MERGED from [com.android.support:support-compat:28.0.0] AndroidManifest.xml:17:1-24:12
MERGED from [com.android.support:versionedparcelable:28.0.0] AndroidManifest.xml:17:1-25:12
MERGED from [com.android.support:cursoradapter:28.0.0] AndroidManifest.xml:17:1-22:12
MERGED from [android.arch.lifecycle:runtime:1.1.1] AndroidManifest.xml:17:1-22:12
MERGED from [android.arch.lifecycle:viewmodel:1.1.1] AndroidManifest.xml:17:1-22:12
MERGED from [com.android.support:interpolator:28.0.0] AndroidManifest.xml:17:1-22:12
MERGED from [android.arch.lifecycle:livedata:1.1.1] AndroidManifest.xml:17:1-22:12
MERGED from [android.arch.lifecycle:livedata-core:1.1.1] AndroidManifest.xml:17:1-22:12
MERGED from [android.arch.core:runtime:1.1.1] AndroidManifest.xml:17:1-22:12
MERGED from [com.android.support:documentfile:28.0.0] AndroidManifest.xml:17:1-22:12
MERGED from [com.android.support:localbroadcastmanager:28.0.0] AndroidManifest.xml:17:1-22:12
MERGED from [com.android.support:print:28.0.0] AndroidManifest.xml:17:1-22:12
MERGED from [com.squareup.leakcanary:leakcanary-analyzer:1.6.1] AndroidManifest.xml:17:1-24:12
MERGED from [com.aliyun.ams:alicloud-android-ha-core:1.1.0.6.1-open] AndroidManifest.xml:2:1-17:12
MERGED from [com.aliyun.ams:alicloud-android-ha-protocol:1.1.0.6-open] AndroidManifest.xml:2:1-17:12
MERGED from [com.aliyun.ams:alicloud-android-ha-watch:1.1.0.6.1-open] AndroidManifest.xml:2:1-21:12
MERGED from [com.aliyun.ams:alicloud-android-ha-bizerrorreporter:1.1.0.6.1-open] AndroidManifest.xml:2:1-17:12
MERGED from [com.aliyun.ams:alicloud-android-ha-crashreporter:1.1.0.1-open] AndroidManifest.xml:2:1-19:12
MERGED from [com.aliyun.ams:alicloud-android-ha-telescopebase:1.1.0-open] AndroidManifest.xml:2:1-17:12
MERGED from [com.aliyun.ams:alicloud-android-ha-telescopesdk:1.1.0.1-open] AndroidManifest.xml:2:1-20:12
MERGED from [com.aliyun.ams:alicloud-android-ha-onlinemonitor:1.1.0.1-open] AndroidManifest.xml:2:1-13:12
MERGED from [com.aliyun.ams:alicloud-android-ha-tlog:1.1.0.6.1-open] AndroidManifest.xml:2:1-17:12
MERGED from [com.aliyun.ams:alicloud-android-ha-tlog-native:1.1.0.6-open] AndroidManifest.xml:2:1-9:12
MERGED from [com.aliyun.ams:alicloud-android-ha-tlog-protocol:1.1.0.6-open] AndroidManifest.xml:2:1-17:12
MERGED from [com.aliyun.ams:alicloud-android-ha-tlog-uploader-oss:1.1.0.6.1-open] AndroidManifest.xml:2:1-19:12
MERGED from [com.aliyun.ams:alicloud-android-ha-tlog-message-rpc:1.1.0.6.1-open] AndroidManifest.xml:2:1-19:12
MERGED from [com.aliyun.ams:alicloud-android-ha-tbrest:1.1.0.6-open] AndroidManifest.xml:2:1-17:12
MERGED from [com.github.bumptech.glide:gifdecoder:4.8.0] AndroidManifest.xml:2:1-11:12
INJECTED from src/main/AndroidManifest.xml:2:1-52:12
INJECTED from src/main/AndroidManifest.xml:2:1-52:12
INJECTED from src/main/AndroidManifest.xml:2:1-52:12
	package
		ADDED from src/main/AndroidManifest.xml:4:5-33
		INJECTED from src/main/AndroidManifest.xml
		INJECTED from src/main/AndroidManifest.xml
	android:versionName
		INJECTED from src/main/AndroidManifest.xml
		ADDED from src/main/AndroidManifest.xml:2:1-52:12
		INJECTED from src/main/AndroidManifest.xml
	xmlns:tools
		ADDED from src/main/AndroidManifest.xml:3:5-51
	android:versionCode
		INJECTED from src/main/AndroidManifest.xml
		ADDED from src/main/AndroidManifest.xml:2:1-52:12
		INJECTED from src/main/AndroidManifest.xml
	xmlns:android
		ADDED from src/main/AndroidManifest.xml:2:11-69
uses-permission#android.permission.INTERNET
ADDED from src/main/AndroidManifest.xml:6:5-66
MERGED from [:Aliyunplayer:player_demo] AndroidManifest.xml:13:5-67
MERGED from [:Aliyunplayer:player_demo] AndroidManifest.xml:13:5-67
MERGED from [:AliyunVideoCommon] AndroidManifest.xml:10:5-67
MERGED from [:AliyunVideoCommon] AndroidManifest.xml:10:5-67
MERGED from [:zxing] AndroidManifest.xml:11:5-67
MERGED from [:zxing] AndroidManifest.xml:11:5-67
MERGED from [com.aliyun.dpa:oss-android-sdk:2.9.2] AndroidManifest.xml:11:5-67
MERGED from [com.aliyun.dpa:oss-android-sdk:2.9.2] AndroidManifest.xml:11:5-67
MERGED from [com.aliyun.ams:alicloud-android-ha-adapter:1.1.0.6.2-open] AndroidManifest.xml:13:5-14:23
MERGED from [com.aliyun.ams:alicloud-android-ha-adapter:1.1.0.6.2-open] AndroidManifest.xml:13:5-14:23
MERGED from [com.aliyun.ams:alicloud-android-ha-ut-analytics:1.1.0.1-open] AndroidManifest.xml:11:5-12:23
MERGED from [com.aliyun.ams:alicloud-android-ha-ut-analytics:1.1.0.1-open] AndroidManifest.xml:11:5-12:23
MERGED from [:Aliyunplayer:AlivcReporter] AndroidManifest.xml:12:5-67
MERGED from [:Aliyunplayer:AlivcReporter] AndroidManifest.xml:12:5-67
MERGED from [com.aliyun.ams:alicloud-android-ha-core:1.1.0.6.1-open] AndroidManifest.xml:11:5-12:23
MERGED from [com.aliyun.ams:alicloud-android-ha-core:1.1.0.6.1-open] AndroidManifest.xml:11:5-12:23
MERGED from [com.aliyun.ams:alicloud-android-ha-protocol:1.1.0.6-open] AndroidManifest.xml:11:5-12:23
MERGED from [com.aliyun.ams:alicloud-android-ha-protocol:1.1.0.6-open] AndroidManifest.xml:11:5-12:23
MERGED from [com.aliyun.ams:alicloud-android-ha-watch:1.1.0.6.1-open] AndroidManifest.xml:13:5-14:23
MERGED from [com.aliyun.ams:alicloud-android-ha-watch:1.1.0.6.1-open] AndroidManifest.xml:13:5-14:23
MERGED from [com.aliyun.ams:alicloud-android-ha-bizerrorreporter:1.1.0.6.1-open] AndroidManifest.xml:11:5-12:23
MERGED from [com.aliyun.ams:alicloud-android-ha-bizerrorreporter:1.1.0.6.1-open] AndroidManifest.xml:11:5-12:23
MERGED from [com.aliyun.ams:alicloud-android-ha-crashreporter:1.1.0.1-open] AndroidManifest.xml:11:5-12:23
MERGED from [com.aliyun.ams:alicloud-android-ha-crashreporter:1.1.0.1-open] AndroidManifest.xml:11:5-12:23
MERGED from [com.aliyun.ams:alicloud-android-ha-tlog:1.1.0.6.1-open] AndroidManifest.xml:11:5-12:23
MERGED from [com.aliyun.ams:alicloud-android-ha-tlog:1.1.0.6.1-open] AndroidManifest.xml:11:5-12:23
MERGED from [com.aliyun.ams:alicloud-android-ha-tlog-protocol:1.1.0.6-open] AndroidManifest.xml:11:5-12:23
MERGED from [com.aliyun.ams:alicloud-android-ha-tlog-protocol:1.1.0.6-open] AndroidManifest.xml:11:5-12:23
MERGED from [com.aliyun.ams:alicloud-android-ha-tlog-uploader-oss:1.1.0.6.1-open] AndroidManifest.xml:13:5-14:23
MERGED from [com.aliyun.ams:alicloud-android-ha-tlog-uploader-oss:1.1.0.6.1-open] AndroidManifest.xml:13:5-14:23
MERGED from [com.aliyun.ams:alicloud-android-ha-tlog-message-rpc:1.1.0.6.1-open] AndroidManifest.xml:13:5-14:23
MERGED from [com.aliyun.ams:alicloud-android-ha-tlog-message-rpc:1.1.0.6.1-open] AndroidManifest.xml:13:5-14:23
MERGED from [com.aliyun.ams:alicloud-android-ha-tbrest:1.1.0.6-open] AndroidManifest.xml:11:5-12:23
MERGED from [com.aliyun.ams:alicloud-android-ha-tbrest:1.1.0.6-open] AndroidManifest.xml:11:5-12:23
	android:name
		ADDED from src/main/AndroidManifest.xml:6:22-64
uses-permission#android.permission.REORDER_TASKS
ADDED from src/main/AndroidManifest.xml:7:5-71
	android:name
		ADDED from src/main/AndroidManifest.xml:7:22-69
uses-permission#android.permission.VIBRATE
ADDED from src/main/AndroidManifest.xml:8:5-65
MERGED from [:zxing] AndroidManifest.xml:12:5-66
MERGED from [:zxing] AndroidManifest.xml:12:5-66
	android:name
		ADDED from src/main/AndroidManifest.xml:8:22-63
uses-permission#android.permission.RECORD_AUDIO
ADDED from src/main/AndroidManifest.xml:9:5-70
MERGED from [:AliyunVideoCommon] AndroidManifest.xml:18:5-71
MERGED from [:AliyunVideoCommon] AndroidManifest.xml:18:5-71
	android:name
		ADDED from src/main/AndroidManifest.xml:9:22-68
uses-permission#android.permission.CAMERA
ADDED from src/main/AndroidManifest.xml:10:5-12:70
MERGED from [:AliyunVideoCommon] AndroidManifest.xml:17:5-65
MERGED from [:AliyunVideoCommon] AndroidManifest.xml:17:5-65
MERGED from [:zxing] AndroidManifest.xml:13:5-65
MERGED from [:zxing] AndroidManifest.xml:13:5-65
	tools:ignore
		ADDED from src/main/AndroidManifest.xml:12:9-68
	android:name
		ADDED from src/main/AndroidManifest.xml:11:9-49
uses-permission#android.permission.ACCESS_NETWORK_STATE
ADDED from src/main/AndroidManifest.xml:13:5-78
MERGED from [:Aliyunplayer:player_demo] AndroidManifest.xml:11:5-79
MERGED from [:Aliyunplayer:player_demo] AndroidManifest.xml:11:5-79
MERGED from [:AliyunVideoCommon] AndroidManifest.xml:9:5-79
MERGED from [:AliyunVideoCommon] AndroidManifest.xml:9:5-79
MERGED from [com.aliyun.dpa:oss-android-sdk:2.9.2] AndroidManifest.xml:12:5-79
MERGED from [com.aliyun.dpa:oss-android-sdk:2.9.2] AndroidManifest.xml:12:5-79
MERGED from [com.aliyun.ams:alicloud-android-ha-adapter:1.1.0.6.2-open] AndroidManifest.xml:16:5-79
MERGED from [com.aliyun.ams:alicloud-android-ha-adapter:1.1.0.6.2-open] AndroidManifest.xml:16:5-79
MERGED from [com.aliyun.ams:alicloud-android-ha-ut-analytics:1.1.0.1-open] AndroidManifest.xml:21:5-79
MERGED from [com.aliyun.ams:alicloud-android-ha-ut-analytics:1.1.0.1-open] AndroidManifest.xml:21:5-79
MERGED from [:Aliyunplayer:AlivcReporter] AndroidManifest.xml:11:5-79
MERGED from [:Aliyunplayer:AlivcReporter] AndroidManifest.xml:11:5-79
MERGED from [com.aliyun.ams:alicloud-android-ha-core:1.1.0.6.1-open] AndroidManifest.xml:14:5-79
MERGED from [com.aliyun.ams:alicloud-android-ha-core:1.1.0.6.1-open] AndroidManifest.xml:14:5-79
MERGED from [com.aliyun.ams:alicloud-android-ha-protocol:1.1.0.6-open] AndroidManifest.xml:14:5-79
MERGED from [com.aliyun.ams:alicloud-android-ha-protocol:1.1.0.6-open] AndroidManifest.xml:14:5-79
MERGED from [com.aliyun.ams:alicloud-android-ha-watch:1.1.0.6.1-open] AndroidManifest.xml:16:5-79
MERGED from [com.aliyun.ams:alicloud-android-ha-watch:1.1.0.6.1-open] AndroidManifest.xml:16:5-79
MERGED from [com.aliyun.ams:alicloud-android-ha-bizerrorreporter:1.1.0.6.1-open] AndroidManifest.xml:14:5-79
MERGED from [com.aliyun.ams:alicloud-android-ha-bizerrorreporter:1.1.0.6.1-open] AndroidManifest.xml:14:5-79
MERGED from [com.aliyun.ams:alicloud-android-ha-crashreporter:1.1.0.1-open] AndroidManifest.xml:14:5-79
MERGED from [com.aliyun.ams:alicloud-android-ha-crashreporter:1.1.0.1-open] AndroidManifest.xml:14:5-79
MERGED from [com.aliyun.ams:alicloud-android-ha-tlog:1.1.0.6.1-open] AndroidManifest.xml:14:5-79
MERGED from [com.aliyun.ams:alicloud-android-ha-tlog:1.1.0.6.1-open] AndroidManifest.xml:14:5-79
MERGED from [com.aliyun.ams:alicloud-android-ha-tlog-protocol:1.1.0.6-open] AndroidManifest.xml:14:5-79
MERGED from [com.aliyun.ams:alicloud-android-ha-tlog-protocol:1.1.0.6-open] AndroidManifest.xml:14:5-79
MERGED from [com.aliyun.ams:alicloud-android-ha-tlog-uploader-oss:1.1.0.6.1-open] AndroidManifest.xml:16:5-79
MERGED from [com.aliyun.ams:alicloud-android-ha-tlog-uploader-oss:1.1.0.6.1-open] AndroidManifest.xml:16:5-79
MERGED from [com.aliyun.ams:alicloud-android-ha-tlog-message-rpc:1.1.0.6.1-open] AndroidManifest.xml:16:5-79
MERGED from [com.aliyun.ams:alicloud-android-ha-tlog-message-rpc:1.1.0.6.1-open] AndroidManifest.xml:16:5-79
MERGED from [com.aliyun.ams:alicloud-android-ha-tbrest:1.1.0.6-open] AndroidManifest.xml:14:5-79
MERGED from [com.aliyun.ams:alicloud-android-ha-tbrest:1.1.0.6-open] AndroidManifest.xml:14:5-79
	android:name
		ADDED from src/main/AndroidManifest.xml:13:22-76
uses-permission#android.permission.WRITE_EXTERNAL_STORAGE
ADDED from src/main/AndroidManifest.xml:15:5-80
MERGED from [:Aliyunplayer:player_demo] AndroidManifest.xml:14:5-81
MERGED from [:Aliyunplayer:player_demo] AndroidManifest.xml:14:5-81
MERGED from [:AliyunVideoCommon] AndroidManifest.xml:14:5-81
MERGED from [:AliyunVideoCommon] AndroidManifest.xml:14:5-81
MERGED from [com.aliyun.dpa:oss-android-sdk:2.9.2] AndroidManifest.xml:14:5-81
MERGED from [com.aliyun.dpa:oss-android-sdk:2.9.2] AndroidManifest.xml:14:5-81
MERGED from [com.squareup.leakcanary:leakcanary-android:1.6.1] AndroidManifest.xml:24:5-81
MERGED from [com.squareup.leakcanary:leakcanary-android:1.6.1] AndroidManifest.xml:24:5-81
MERGED from [com.aliyun.ams:alicloud-android-ha-adapter:1.1.0.6.2-open] AndroidManifest.xml:17:5-81
MERGED from [com.aliyun.ams:alicloud-android-ha-adapter:1.1.0.6.2-open] AndroidManifest.xml:17:5-81
MERGED from [com.aliyun.ams:alicloud-android-ha-ut-analytics:1.1.0.1-open] AndroidManifest.xml:16:5-81
MERGED from [com.aliyun.ams:alicloud-android-ha-ut-analytics:1.1.0.1-open] AndroidManifest.xml:16:5-81
MERGED from [com.aliyun.ams:alicloud-android-ha-core:1.1.0.6.1-open] AndroidManifest.xml:15:5-81
MERGED from [com.aliyun.ams:alicloud-android-ha-core:1.1.0.6.1-open] AndroidManifest.xml:15:5-81
MERGED from [com.aliyun.ams:alicloud-android-ha-protocol:1.1.0.6-open] AndroidManifest.xml:15:5-81
MERGED from [com.aliyun.ams:alicloud-android-ha-protocol:1.1.0.6-open] AndroidManifest.xml:15:5-81
MERGED from [com.aliyun.ams:alicloud-android-ha-watch:1.1.0.6.1-open] AndroidManifest.xml:19:5-81
MERGED from [com.aliyun.ams:alicloud-android-ha-watch:1.1.0.6.1-open] AndroidManifest.xml:19:5-81
MERGED from [com.aliyun.ams:alicloud-android-ha-bizerrorreporter:1.1.0.6.1-open] AndroidManifest.xml:15:5-81
MERGED from [com.aliyun.ams:alicloud-android-ha-bizerrorreporter:1.1.0.6.1-open] AndroidManifest.xml:15:5-81
MERGED from [com.aliyun.ams:alicloud-android-ha-crashreporter:1.1.0.1-open] AndroidManifest.xml:17:5-81
MERGED from [com.aliyun.ams:alicloud-android-ha-crashreporter:1.1.0.1-open] AndroidManifest.xml:17:5-81
MERGED from [com.aliyun.ams:alicloud-android-ha-onlinemonitor:1.1.0.1-open] AndroidManifest.xml:11:5-81
MERGED from [com.aliyun.ams:alicloud-android-ha-onlinemonitor:1.1.0.1-open] AndroidManifest.xml:11:5-81
MERGED from [com.aliyun.ams:alicloud-android-ha-tlog:1.1.0.6.1-open] AndroidManifest.xml:15:5-81
MERGED from [com.aliyun.ams:alicloud-android-ha-tlog:1.1.0.6.1-open] AndroidManifest.xml:15:5-81
MERGED from [com.aliyun.ams:alicloud-android-ha-tlog-protocol:1.1.0.6-open] AndroidManifest.xml:15:5-81
MERGED from [com.aliyun.ams:alicloud-android-ha-tlog-protocol:1.1.0.6-open] AndroidManifest.xml:15:5-81
MERGED from [com.aliyun.ams:alicloud-android-ha-tlog-uploader-oss:1.1.0.6.1-open] AndroidManifest.xml:17:5-81
MERGED from [com.aliyun.ams:alicloud-android-ha-tlog-uploader-oss:1.1.0.6.1-open] AndroidManifest.xml:17:5-81
MERGED from [com.aliyun.ams:alicloud-android-ha-tlog-message-rpc:1.1.0.6.1-open] AndroidManifest.xml:17:5-81
MERGED from [com.aliyun.ams:alicloud-android-ha-tlog-message-rpc:1.1.0.6.1-open] AndroidManifest.xml:17:5-81
MERGED from [com.aliyun.ams:alicloud-android-ha-tbrest:1.1.0.6-open] AndroidManifest.xml:15:5-81
MERGED from [com.aliyun.ams:alicloud-android-ha-tbrest:1.1.0.6-open] AndroidManifest.xml:15:5-81
	android:name
		ADDED from src/main/AndroidManifest.xml:15:22-78
uses-permission#android.permission.MOUNT_UNMOUNT_FILESYSTEMS
ADDED from src/main/AndroidManifest.xml:16:5-18:46
	tools:ignore
		ADDED from src/main/AndroidManifest.xml:18:9-44
	android:name
		ADDED from src/main/AndroidManifest.xml:17:9-68
uses-permission#android.permission.ACCESS_FINE_LOCATION
ADDED from src/main/AndroidManifest.xml:19:5-78
	android:name
		ADDED from src/main/AndroidManifest.xml:19:22-76
uses-permission#android.permission.GET_TASKS
ADDED from src/main/AndroidManifest.xml:20:5-67
MERGED from [com.aliyun.ams:alicloud-android-ha-ut-analytics:1.1.0.1-open] AndroidManifest.xml:14:5-15:23
MERGED from [com.aliyun.ams:alicloud-android-ha-ut-analytics:1.1.0.1-open] AndroidManifest.xml:14:5-15:23
MERGED from [com.aliyun.ams:alicloud-android-ha-watch:1.1.0.6.1-open] AndroidManifest.xml:17:5-18:23
MERGED from [com.aliyun.ams:alicloud-android-ha-watch:1.1.0.6.1-open] AndroidManifest.xml:17:5-18:23
MERGED from [com.aliyun.ams:alicloud-android-ha-crashreporter:1.1.0.1-open] AndroidManifest.xml:15:5-16:23
MERGED from [com.aliyun.ams:alicloud-android-ha-crashreporter:1.1.0.1-open] AndroidManifest.xml:15:5-16:23
	android:name
		ADDED from src/main/AndroidManifest.xml:20:22-65
uses-permission#android.permission.ACCESS_WIFI_STATE
ADDED from src/main/AndroidManifest.xml:21:5-75
MERGED from [:Aliyunplayer:player_demo] AndroidManifest.xml:12:5-76
MERGED from [:Aliyunplayer:player_demo] AndroidManifest.xml:12:5-76
MERGED from [:AliyunVideoCommon] AndroidManifest.xml:11:5-76
MERGED from [:AliyunVideoCommon] AndroidManifest.xml:11:5-76
MERGED from [com.aliyun.dpa:oss-android-sdk:2.9.2] AndroidManifest.xml:13:5-76
MERGED from [com.aliyun.dpa:oss-android-sdk:2.9.2] AndroidManifest.xml:13:5-76
MERGED from [com.aliyun.ams:alicloud-android-ha-ut-analytics:1.1.0.1-open] AndroidManifest.xml:19:5-20:23
MERGED from [com.aliyun.ams:alicloud-android-ha-ut-analytics:1.1.0.1-open] AndroidManifest.xml:19:5-20:23
MERGED from [:Aliyunplayer:AlivcPlayer] AndroidManifest.xml:11:5-76
MERGED from [:Aliyunplayer:AlivcPlayer] AndroidManifest.xml:11:5-76
MERGED from [:Aliyunplayer:AlivcVodPlayer] AndroidManifest.xml:11:5-76
MERGED from [:Aliyunplayer:AlivcVodPlayer] AndroidManifest.xml:11:5-76
	android:name
		ADDED from src/main/AndroidManifest.xml:21:22-73
uses-permission#android.permission.CHANGE_WIFI_STATE
ADDED from src/main/AndroidManifest.xml:22:5-75
MERGED from [:AliyunVideoCommon] AndroidManifest.xml:12:5-76
MERGED from [:AliyunVideoCommon] AndroidManifest.xml:12:5-76
MERGED from [com.aliyun.dpa:oss-android-sdk:2.9.2] AndroidManifest.xml:15:5-76
MERGED from [com.aliyun.dpa:oss-android-sdk:2.9.2] AndroidManifest.xml:15:5-76
MERGED from [:Aliyunplayer:AlivcVodPlayer] AndroidManifest.xml:12:5-76
MERGED from [:Aliyunplayer:AlivcVodPlayer] AndroidManifest.xml:12:5-76
	android:name
		ADDED from src/main/AndroidManifest.xml:22:22-73
uses-permission#android.permission.WAKE_LOCK
ADDED from src/main/AndroidManifest.xml:23:5-67
MERGED from [:Aliyunplayer:player_demo] AndroidManifest.xml:15:5-68
MERGED from [:Aliyunplayer:player_demo] AndroidManifest.xml:15:5-68
	android:name
		ADDED from src/main/AndroidManifest.xml:23:22-65
uses-permission#android.permission.MODIFY_AUDIO_SETTINGS
ADDED from src/main/AndroidManifest.xml:24:5-79
	android:name
		ADDED from src/main/AndroidManifest.xml:24:22-77
uses-permission#android.permission.READ_PHONE_STATE
ADDED from src/main/AndroidManifest.xml:25:5-74
MERGED from [:Aliyunplayer:player_demo] AndroidManifest.xml:16:5-75
MERGED from [:Aliyunplayer:player_demo] AndroidManifest.xml:16:5-75
MERGED from [:AliyunVideoCommon] AndroidManifest.xml:20:5-75
MERGED from [:AliyunVideoCommon] AndroidManifest.xml:20:5-75
MERGED from [com.aliyun.ams:alicloud-android-ha-adapter:1.1.0.6.2-open] AndroidManifest.xml:15:5-75
MERGED from [com.aliyun.ams:alicloud-android-ha-adapter:1.1.0.6.2-open] AndroidManifest.xml:15:5-75
MERGED from [com.aliyun.ams:alicloud-android-ha-ut-analytics:1.1.0.1-open] AndroidManifest.xml:13:5-75
MERGED from [com.aliyun.ams:alicloud-android-ha-ut-analytics:1.1.0.1-open] AndroidManifest.xml:13:5-75
MERGED from [com.aliyun.ams:alicloud-android-ha-core:1.1.0.6.1-open] AndroidManifest.xml:13:5-75
MERGED from [com.aliyun.ams:alicloud-android-ha-core:1.1.0.6.1-open] AndroidManifest.xml:13:5-75
MERGED from [com.aliyun.ams:alicloud-android-ha-protocol:1.1.0.6-open] AndroidManifest.xml:13:5-75
MERGED from [com.aliyun.ams:alicloud-android-ha-protocol:1.1.0.6-open] AndroidManifest.xml:13:5-75
MERGED from [com.aliyun.ams:alicloud-android-ha-watch:1.1.0.6.1-open] AndroidManifest.xml:15:5-75
MERGED from [com.aliyun.ams:alicloud-android-ha-watch:1.1.0.6.1-open] AndroidManifest.xml:15:5-75
MERGED from [com.aliyun.ams:alicloud-android-ha-bizerrorreporter:1.1.0.6.1-open] AndroidManifest.xml:13:5-75
MERGED from [com.aliyun.ams:alicloud-android-ha-bizerrorreporter:1.1.0.6.1-open] AndroidManifest.xml:13:5-75
MERGED from [com.aliyun.ams:alicloud-android-ha-crashreporter:1.1.0.1-open] AndroidManifest.xml:13:5-75
MERGED from [com.aliyun.ams:alicloud-android-ha-crashreporter:1.1.0.1-open] AndroidManifest.xml:13:5-75
MERGED from [com.aliyun.ams:alicloud-android-ha-tlog:1.1.0.6.1-open] AndroidManifest.xml:13:5-75
MERGED from [com.aliyun.ams:alicloud-android-ha-tlog:1.1.0.6.1-open] AndroidManifest.xml:13:5-75
MERGED from [com.aliyun.ams:alicloud-android-ha-tlog-protocol:1.1.0.6-open] AndroidManifest.xml:13:5-75
MERGED from [com.aliyun.ams:alicloud-android-ha-tlog-protocol:1.1.0.6-open] AndroidManifest.xml:13:5-75
MERGED from [com.aliyun.ams:alicloud-android-ha-tlog-uploader-oss:1.1.0.6.1-open] AndroidManifest.xml:15:5-75
MERGED from [com.aliyun.ams:alicloud-android-ha-tlog-uploader-oss:1.1.0.6.1-open] AndroidManifest.xml:15:5-75
MERGED from [com.aliyun.ams:alicloud-android-ha-tlog-message-rpc:1.1.0.6.1-open] AndroidManifest.xml:15:5-75
MERGED from [com.aliyun.ams:alicloud-android-ha-tlog-message-rpc:1.1.0.6.1-open] AndroidManifest.xml:15:5-75
MERGED from [com.aliyun.ams:alicloud-android-ha-tbrest:1.1.0.6-open] AndroidManifest.xml:13:5-75
MERGED from [com.aliyun.ams:alicloud-android-ha-tbrest:1.1.0.6-open] AndroidManifest.xml:13:5-75
	android:name
		ADDED from src/main/AndroidManifest.xml:25:22-72
uses-permission#android.permission.RECEIVE_BOOT_COMPLETED
ADDED from src/main/AndroidManifest.xml:26:5-80
	android:name
		ADDED from src/main/AndroidManifest.xml:26:22-78
uses-permission#android.permission.READ_EXTERNAL_STORAGE
ADDED from src/main/AndroidManifest.xml:27:5-79
MERGED from [:Aliyunplayer:player_demo] AndroidManifest.xml:18:5-80
MERGED from [:Aliyunplayer:player_demo] AndroidManifest.xml:18:5-80
MERGED from [:AliyunVideoCommon] AndroidManifest.xml:15:5-80
MERGED from [:AliyunVideoCommon] AndroidManifest.xml:15:5-80
MERGED from [com.squareup.leakcanary:leakcanary-android:1.6.1] AndroidManifest.xml:23:5-80
MERGED from [com.squareup.leakcanary:leakcanary-android:1.6.1] AndroidManifest.xml:23:5-80
	android:name
		ADDED from src/main/AndroidManifest.xml:27:22-77
uses-permission#android.permission.BLUETOOTH
ADDED from src/main/AndroidManifest.xml:28:5-67
MERGED from [:AliyunVideoCommon] AndroidManifest.xml:22:5-68
MERGED from [:AliyunVideoCommon] AndroidManifest.xml:22:5-68
	android:name
		ADDED from src/main/AndroidManifest.xml:28:22-65
uses-permission#android.permission.SYSTEM_ALERT_WINDOW
ADDED from src/main/AndroidManifest.xml:29:5-77
	android:name
		ADDED from src/main/AndroidManifest.xml:29:22-75
application
ADDED from src/main/AndroidManifest.xml:31:5-50:19
MERGED from [:Aliyunplayer:player_demo] AndroidManifest.xml:20:5-34:19
MERGED from [:Aliyunplayer:player_demo] AndroidManifest.xml:20:5-34:19
MERGED from [:zxing] AndroidManifest.xml:17:5-25:19
MERGED from [:zxing] AndroidManifest.xml:17:5-25:19
MERGED from [com.aliyun.dpa:oss-android-sdk:2.9.2] AndroidManifest.xml:17:5-20:19
MERGED from [com.aliyun.dpa:oss-android-sdk:2.9.2] AndroidManifest.xml:17:5-20:19
MERGED from [com.squareup.leakcanary:leakcanary-android:1.6.1] AndroidManifest.xml:26:5-70:19
MERGED from [com.squareup.leakcanary:leakcanary-android:1.6.1] AndroidManifest.xml:26:5-70:19
MERGED from [com.github.bumptech.glide:glide:4.8.0] AndroidManifest.xml:10:5-20
MERGED from [com.github.bumptech.glide:glide:4.8.0] AndroidManifest.xml:10:5-20
MERGED from [:Aliyunplayer:AlivcReporter] AndroidManifest.xml:14:5-15:19
MERGED from [:Aliyunplayer:AlivcReporter] AndroidManifest.xml:14:5-15:19
MERGED from [com.android.support:support-compat:28.0.0] AndroidManifest.xml:22:5-94
MERGED from [com.android.support:support-compat:28.0.0] AndroidManifest.xml:22:5-94
MERGED from [com.android.support:versionedparcelable:28.0.0] AndroidManifest.xml:22:5-23:19
MERGED from [com.android.support:versionedparcelable:28.0.0] AndroidManifest.xml:22:5-23:19
MERGED from [com.squareup.leakcanary:leakcanary-analyzer:1.6.1] AndroidManifest.xml:22:5-20
MERGED from [com.squareup.leakcanary:leakcanary-analyzer:1.6.1] AndroidManifest.xml:22:5-20
MERGED from [com.aliyun.ams:alicloud-android-ha-telescopebase:1.1.0-open] AndroidManifest.xml:11:5-15:19
MERGED from [com.aliyun.ams:alicloud-android-ha-telescopebase:1.1.0-open] AndroidManifest.xml:11:5-15:19
MERGED from [com.aliyun.ams:alicloud-android-ha-telescopesdk:1.1.0.1-open] AndroidManifest.xml:11:5-18:19
MERGED from [com.aliyun.ams:alicloud-android-ha-telescopesdk:1.1.0.1-open] AndroidManifest.xml:11:5-18:19
MERGED from [com.github.bumptech.glide:gifdecoder:4.8.0] AndroidManifest.xml:9:5-20
MERGED from [com.github.bumptech.glide:gifdecoder:4.8.0] AndroidManifest.xml:9:5-20
	android:appComponentFactory
		ADDED from [com.android.support:support-compat:28.0.0] AndroidManifest.xml:22:18-91
	android:supportsRtl
		ADDED from src/main/AndroidManifest.xml:38:9-35
	android:label
		ADDED from src/main/AndroidManifest.xml:36:9-41
	android:roundIcon
		ADDED from src/main/AndroidManifest.xml:37:9-54
	android:icon
		ADDED from src/main/AndroidManifest.xml:35:9-43
	android:allowBackup
		ADDED from src/main/AndroidManifest.xml:34:9-35
	android:theme
		ADDED from src/main/AndroidManifest.xml:32:9-40
	android:name
		ADDED from src/main/AndroidManifest.xml:33:9-28
activity#com.video.alivideo.MainActivity
ADDED from src/main/AndroidManifest.xml:39:9-45:20
	android:name
		ADDED from src/main/AndroidManifest.xml:39:19-47
intent-filter#action:name:android.intent.action.MAIN+category:name:android.intent.category.LAUNCHER
ADDED from src/main/AndroidManifest.xml:40:13-44:29
action#android.intent.action.MAIN
ADDED from src/main/AndroidManifest.xml:41:17-68
	android:name
		ADDED from src/main/AndroidManifest.xml:41:25-66
category#android.intent.category.LAUNCHER
ADDED from src/main/AndroidManifest.xml:43:17-76
	android:name
		ADDED from src/main/AndroidManifest.xml:43:27-74
activity#com.video.alivideo.LivePushActivity
ADDED from src/main/AndroidManifest.xml:47:9-53
	android:name
		ADDED from src/main/AndroidManifest.xml:47:19-51
activity#com.video.alivideo.PushConfigActivity
ADDED from src/main/AndroidManifest.xml:48:9-55
	android:name
		ADDED from src/main/AndroidManifest.xml:48:19-53
uses-sdk
INJECTED from src/main/AndroidManifest.xml reason: use-sdk injection requested
INJECTED from src/main/AndroidManifest.xml
INJECTED from src/main/AndroidManifest.xml
MERGED from [:Aliyunplayer:player_demo] AndroidManifest.xml:7:5-9:41
MERGED from [:Aliyunplayer:player_demo] AndroidManifest.xml:7:5-9:41
MERGED from [:AliyunVideoCommon] AndroidManifest.xml:5:5-7:41
MERGED from [:AliyunVideoCommon] AndroidManifest.xml:5:5-7:41
MERGED from [com.android.support:multidex:1.0.2] AndroidManifest.xml:20:5-43
MERGED from [com.android.support:multidex:1.0.2] AndroidManifest.xml:20:5-43
MERGED from [:zxing] AndroidManifest.xml:7:5-9:41
MERGED from [:zxing] AndroidManifest.xml:7:5-9:41
MERGED from [com.android.support:appcompat-v7:28.0.0] AndroidManifest.xml:20:5-44
MERGED from [com.android.support:appcompat-v7:28.0.0] AndroidManifest.xml:20:5-44
MERGED from [com.android.support:support-v4:28.0.0] AndroidManifest.xml:20:5-44
MERGED from [com.android.support:support-v4:28.0.0] AndroidManifest.xml:20:5-44
MERGED from [com.android.support:recyclerview-v7:28.0.0] AndroidManifest.xml:20:5-44
MERGED from [com.android.support:recyclerview-v7:28.0.0] AndroidManifest.xml:20:5-44
MERGED from [com.aliyun.dpa:oss-android-sdk:2.9.2] AndroidManifest.xml:7:5-9:41
MERGED from [com.aliyun.dpa:oss-android-sdk:2.9.2] AndroidManifest.xml:7:5-9:41
MERGED from [com.squareup.leakcanary:leakcanary-android:1.6.1] AndroidManifest.xml:20:5-44
MERGED from [com.squareup.leakcanary:leakcanary-android:1.6.1] AndroidManifest.xml:20:5-44
MERGED from [com.aliyun.ams:alicloud-android-ha-adapter:1.1.0.6.2-open] AndroidManifest.xml:8:5-11:76
MERGED from [com.aliyun.ams:alicloud-android-ha-adapter:1.1.0.6.2-open] AndroidManifest.xml:8:5-11:76